

Microchip Technology PIC18 LITE Macro Assembler V1.30 build 55553 
                                                                                               Mon May 06 19:43:11 2024

Microchip Technology Omniscient Code Generator (Lite mode) build 55553
     1                           	processor	18F4550
     2                           	fnconf	rparam,??,?,0
     3                           	opt	pw 120
     4                           	opt	lm
     5                           	psect	text0,global,reloc=2,class=CODE,delta=1
     6                           	psect	cinit,global,reloc=2,class=CODE,delta=1
     7                           	psect	cstackCOMRAM,global,class=COMRAM,space=1,delta=1
     8                           	psect	intsave_regs,global,class=BIGRAM,space=1,delta=1
     9                           	psect	rparam,global,class=COMRAM,space=1,delta=1
    10  0000                     _PORTD	set	3971
    11  0000                     _TRISD	set	3989
    12                           
    13                           ; 0 bytes @ 0x0
    14 ;;
    15 ;;Main: autosize = 0, tempsize = 0, incstack = 0, save=0
    16 ;;
    17 ;; *************** function _main *****************
    18 ;; Defined at:
    19 ;;		line 5 in file "try.c"
    20 ;; Parameters:    Size  Location     Type
    21 ;;		None
    22 ;; Auto vars:     Size  Location     Type
    23 ;;		None
    24 ;; Return value:  Size  Location     Type
    25 ;;		None               void
    26 ;; Registers used:
    27 ;;		wreg, status,2
    28 ;; Tracked objects:
    29 ;;		On entry : 0/0
    30 ;;		On exit  : 0/0
    31 ;;		Unchanged: 0/0
    32 ;; Data sizes:     COMRAM   BANK0   BANK1   BANK2   BANK3   BANK4   BANK5   BANK6   BANK7
    33 ;;      Params:         0       0       0       0       0       0       0       0       0
    34 ;;      Locals:         0       0       0       0       0       0       0       0       0
    35 ;;      Temps:          0       0       0       0       0       0       0       0       0
    36 ;;      Totals:         0       0       0       0       0       0       0       0       0
    37 ;;Total ram usage:        0 bytes
    38 ;; This function calls:
    39 ;;		Nothing
    40 ;; This function is called by:
    41 ;;		Startup code after reset
    42 ;; This function uses a non-reentrant model
    43 ;;
    44                           
    45                           	psect	text0
    46  007FF6                     __ptext0:
    47                           	opt stack 0
    48  007FF6                     _main:
    49                           	opt stack 31
    50                           
    51                           ;try.c: 6: TRISD = 0x00;
    52                           
    53                           ;incstack = 0
    54  007FF6  0E00               	movlw	0
    55  007FF8  6E95               	movwf	3989,c	;volatile
    56  007FFA                     l7:
    57                           
    58                           ;try.c: 9: PORTD=1;
    59  007FFA  0E01               	movlw	1
    60  007FFC  6E83               	movwf	3971,c	;volatile
    61  007FFE  D7FD               	goto	l7
    62  008000                     __end_of_main:
    63                           	opt stack 0
    64  0000                     
    65                           	psect	cinit
    66  007FF0                     __pcinit:
    67                           	opt stack 0
    68  007FF0                     start_initialization:
    69                           	opt stack 0
    70  007FF0                     __initialization:
    71                           	opt stack 0
    72  007FF0                     end_of_initialization:
    73                           	opt stack 0
    74  007FF0                     __end_of__initialization:
    75                           	opt stack 0
    76  007FF0  0100               	movlb	0
    77  007FF2  EFFB  F03F         	goto	_main	;jump to C main() function
    78                           
    79                           	psect	cstackCOMRAM
    80  000000                     __pcstackCOMRAM:
    81                           	opt stack 0
    82  000000                     
    83                           	psect	rparam


Data Sizes:
    Strings     0
    Constant    0
    Data        0
    BSS         0
    Persistent  0
    Stack       0

Auto Spaces:
    Space          Size  Autos    Used
    COMRAM           95      0       0
    BANK0           160      0       0
    BANK1           256      0       0
    BANK2           256      0       0
    BANK3           256      0       0
    BANK4           256      0       0
    BANK5           256      0       0
    BANK6           256      0       0
    BANK7           256      0       0

Pointer List with Targets:

    None.

Critical Paths under _main in COMRAM

    None.

Critical Paths under _main in BANK0

    None.

Critical Paths under _main in BANK1

    None.

Critical Paths under _main in BANK2

    None.

Critical Paths under _main in BANK3

    None.

Critical Paths under _main in BANK4

    None.

Critical Paths under _main in BANK5

    None.

Critical Paths under _main in BANK6

    None.

Critical Paths under _main in BANK7

    None.

Call Graph Tables:

 ---------------------------------------------------------------------------------
 (Depth) Function   	        Calls       Base Space   Used Autos Params    Refs
 ---------------------------------------------------------------------------------
 (0) _main                                                 0     0      0       0
 ---------------------------------------------------------------------------------
 Estimated maximum stack depth 0
 ---------------------------------------------------------------------------------

 Call Graph Graphs:

 _main (ROOT)

 Address spaces:
Name               Size   Autos  Total    Cost      Usage
BITCOMRAM           5F      0       0       0        0.0%
EEDATA             100      0       0       0        0.0%
NULL                 0      0       0       0        0.0%
CODE                 0      0       0       0        0.0%
COMRAM              5F      0       0       1        0.0%
STACK                0      0       0       2        0.0%
DATA                 0      0       0       3        0.0%
BITBANK0            A0      0       0       4        0.0%
BANK0               A0      0       0       5        0.0%
BITBANK1           100      0       0       6        0.0%
BANK1              100      0       0       7        0.0%
BITBANK2           100      0       0       8        0.0%
BANK2              100      0       0       9        0.0%
BITBANK3           100      0       0      10        0.0%
BANK3              100      0       0      11        0.0%
BITBANK4           100      0       0      12        0.0%
BANK4              100      0       0      13        0.0%
BITBANK5           100      0       0      14        0.0%
BANK5              100      0       0      15        0.0%
BITBANK6           100      0       0      16        0.0%
BANK6              100      0       0      17        0.0%
BITBANK7           100      0       0      18        0.0%
BANK7              100      0       0      19        0.0%
ABS                  0      0       0      20        0.0%
BIGRAM             7FF      0       0      21        0.0%
BITSFR               0      0       0      40        0.0%
SFR                  0      0       0      40        0.0%


Microchip Technology PIC18 Macro Assembler V1.30 build 55553 
Symbol Table                                                                                   Mon May 06 19:43:11 2024

                      l7 7FFA                     _main 7FF6                     start 0000  
                  ?_main 0000                    _PORTD 000F83                    _TRISD 000F95  
        __initialization 7FF0             __end_of_main 8000                   ??_main 0000  
          __activetblptr 000000               __accesstop 0060  __end_of__initialization 7FF0  
         __pcstackCOMRAM 0000                  __Hparam 0000                  __Lparam 0000  
                __pcinit 7FF0                  __ramtop 0800                  __ptext0 7FF6  
   end_of_initialization 7FF0      start_initialization 7FF0                 __Hrparam 0000  
               __Lrparam 0000            __size_of_main 000A  
